 
[21:11:40.12] ============================================ 
[21:11:40.12]   TSMusicBot Setup v2.0 
[21:11:40.13]   Started: 周二 2026/04/28 21:11:40.12 
[21:11:40.13]   Project root: D:\develop\音乐机器人\teamspeak-music-bot 
[21:11:40.13] ============================================ 
[21:11:40.15]  
[21:11:40.15] ---- Step 1/6: Checking Node.js ---- 
[21:11:40.33] Node.js version: v22.15.0 
[21:11:40.33]  
[21:11:40.34] ---- Step 2/6: Checking npm ---- 
[21:11:40.53] npm version: 11.3.0 
[21:11:40.54]  
[21:11:40.54] ---- Step 3/6: Checking network ---- 
[21:11:40.55] Testing npm registry connectivity... 
[21:11:41.47] npm registry HTTP 200 OK 
[21:11:41.48]  
[21:11:41.48] ---- Step 4/6: Installing backend dependencies ---- 
[21:11:41.48] Existing node_modules detected, running npm install to verify 

up to date in 736ms

86 packages are looking for funding
  run `npm fund` for details
[21:11:42.34]  
[21:11:42.34] ---- Step 5/6: Installing frontend dependencies ---- 

added 61 packages in 574ms

59 packages are looking for funding
  run `npm fund` for details
[21:11:43.04]  
[21:11:43.04] ---- Step 6/6: Building project ---- 

> tsmusicbot@0.1.0 build
> tsc && npm run build:web


> tsmusicbot@0.1.0 build:web
> cd web && npm run build


> tsmusicbot-web@0.1.0 build
> vue-tsc --noEmit && vite build

[36mvite v6.4.1 [32mbuilding for production...[36m[39m
transforming...
[32m✓[39m 186 modules transformed.
rendering chunks...
computing gzip size...
[2mdist/[22m[32mindex.html                       [39m[1m[2m  0.57 kB[22m[1m[22m[2m │ gzip:  0.37 kB[22m
[2mdist/[22m[35massets/BotRedirect-BVNbxuv9.css  [39m[1m[2m  0.14 kB[22m[1m[22m[2m │ gzip:  0.14 kB[22m
[2mdist/[22m[35massets/History-PKp52ORs.css      [39m[1m[2m  0.53 kB[22m[1m[22m[2m │ gzip:  0.27 kB[22m
[2mdist/[22m[35massets/NotFound-C7c2I9pO.css     [39m[1m[2m  0.68 kB[22m[1m[22m[2m │ gzip:  0.34 kB[22m
[2mdist/[22m[35massets/Search-DNRTumCu.css       [39m[1m[2m  0.95 kB[22m[1m[22m[2m │ gzip:  0.39 kB[22m
[2mdist/[22m[35massets/Playlist-B5_20ORF.css     [39m[1m[2m  1.25 kB[22m[1m[22m[2m │ gzip:  0.47 kB[22m
[2mdist/[22m[35massets/Login-s1sueivt.css        [39m[1m[2m  1.31 kB[22m[1m[22m[2m │ gzip:  0.52 kB[22m
[2mdist/[22m[35massets/SongCard-DVvnrQbt.css     [39m[1m[2m  1.70 kB[22m[1m[22m[2m │ gzip:  0.56 kB[22m
[2mdist/[22m[35massets/Setup-BrqFpjSE.css        [39m[1m[2m  1.93 kB[22m[1m[22m[2m │ gzip:  0.60 kB[22m
[2mdist/[22m[35massets/Lyrics-Bz4ywTJL.css       [39m[1m[2m  2.24 kB[22m[1m[22m[2m │ gzip:  0.71 kB[22m
[2mdist/[22m[35massets/Home-kVcmOymJ.css         [39m[1m[2m  3.64 kB[22m[1m[22m[2m │ gzip:  0.89 kB[22m
[2mdist/[22m[35massets/Settings-DB48D1m9.css     [39m[1m[2m  7.26 kB[22m[1m[22m[2m │ gzip:  1.56 kB[22m
[2mdist/[22m[35massets/index-D1tCrVpC.css        [39m[1m[2m 14.10 kB[22m[1m[22m[2m │ gzip:  3.06 kB[22m
[2mdist/[22m[36massets/NotFound-LEmpFelX.js      [39m[1m[2m  0.49 kB[22m[1m[22m[2m │ gzip:  0.37 kB[22m
[2mdist/[22m[36massets/BotRedirect-D5dlRYqF.js   [39m[1m[2m  0.55 kB[22m[1m[22m[2m │ gzip:  0.44 kB[22m
[2mdist/[22m[36massets/Login-k5G14SmM.js         [39m[1m[2m  1.08 kB[22m[1m[22m[2m │ gzip:  0.68 kB[22m
[2mdist/[22m[36massets/History-ByYphkzl.js       [39m[1m[2m  1.20 kB[22m[1m[22m[2m │ gzip:  0.79 kB[22m
[2mdist/[22m[36massets/SongCard-C2lUv-LA.js      [39m[1m[2m  1.50 kB[22m[1m[22m[2m │ gzip:  0.78 kB[22m
[2mdist/[22m[36massets/Search-D7784J4h.js        [39m[1m[2m  1.61 kB[22m[1m[22m[2m │ gzip:  1.02 kB[22m
[2mdist/[22m[36massets/Playlist-C1jBDEEK.js      [39m[1m[2m  2.04 kB[22m[1m[22m[2m │ gzip:  1.13 kB[22m
[2mdist/[22m[36massets/Lyrics-Cm-J8JaG.js        [39m[1m[2m  2.98 kB[22m[1m[22m[2m │ gzip:  1.57 kB[22m
[2mdist/[22m[36massets/Setup-Czb4vM9B.js         [39m[1m[2m  3.99 kB[22m[1m[22m[2m │ gzip:  1.67 kB[22m
[2mdist/[22m[36massets/Home-DEkgdyLc.js          [39m[1m[2m  4.33 kB[22m[1m[22m[2m │ gzip:  1.67 kB[22m
[2mdist/[22m[36massets/Settings-CjTLKoDF.js      [39m[1m[2m 43.90 kB[22m[1m[22m[2m │ gzip: 15.32 kB[22m
[2mdist/[22m[36massets/index-D5criC0S.js         [39m[1m[2m176.08 kB[22m[1m[22m[2m │ gzip: 67.02 kB[22m
[32m✓ built in 1.93s[39m
[21:11:50.63] Setup completed successfully at 周二 2026/04/28 21:11:50.63 
